This is pdfTeX, Version 3.14159265-2.6-1.40.15 (TeX Live 2014) (preloaded format=pdflatex 2014.5.25)  6 NOV 2014 23:02
entering extended mode
 \write18 enabled.
 file:line:error style messages enabled.
 %&-line parsing enabled.
**hw2.tex
(./hw2.tex
LaTeX2e <2014/05/01>
Babel <3.9k> and hyphenation patterns for 78 languages loaded.
(./sigchi.cls (/usr/local/texlive/2014/texmf-dist/tex/latex/graphics/epsfig.sty
Package: epsfig 1999/02/16 v1.7a (e)psfig emulation (SPQR)
(/usr/local/texlive/2014/texmf-dist/tex/latex/graphics/graphicx.sty
Package: graphicx 2014/04/25 v1.0g Enhanced LaTeX Graphics (DPC,SPQR)

(/usr/local/texlive/2014/texmf-dist/tex/latex/graphics/keyval.sty
Package: keyval 2014/05/08 v1.15 key=value parser (DPC)
\KV@toks@=\toks14
)
(/usr/local/texlive/2014/texmf-dist/tex/latex/graphics/graphics.sty
Package: graphics 2009/02/05 v1.0o Standard LaTeX Graphics (DPC,SPQR)

(/usr/local/texlive/2014/texmf-dist/tex/latex/graphics/trig.sty
Package: trig 1999/03/16 v1.09 sin cos tan (DPC)
)
(/usr/local/texlive/2014/texmf-dist/tex/latex/latexconfig/graphics.cfg
File: graphics.cfg 2010/04/23 v1.9 graphics configuration of TeX Live
)
Package graphics Info: Driver file: pdftex.def on input line 91.

(/usr/local/texlive/2014/texmf-dist/tex/latex/pdftex-def/pdftex.def
File: pdftex.def 2011/05/27 v0.06d Graphics/color for pdfTeX

(/usr/local/texlive/2014/texmf-dist/tex/generic/oberdiek/infwarerr.sty
Package: infwarerr 2010/04/08 v1.3 Providing info/warning/error messages (HO)
)
(/usr/local/texlive/2014/texmf-dist/tex/generic/oberdiek/ltxcmds.sty
Package: ltxcmds 2011/11/09 v1.22 LaTeX kernel commands for general use (HO)
)
\Gread@gobject=\count79
))
\Gin@req@height=\dimen102
\Gin@req@width=\dimen103
)
\epsfxsize=\dimen104
\epsfysize=\dimen105
)
(/usr/local/texlive/2014/texmf-dist/tex/latex/amsfonts/amssymb.sty
Package: amssymb 2013/01/14 v3.01 AMS font symbols

(/usr/local/texlive/2014/texmf-dist/tex/latex/amsfonts/amsfonts.sty
Package: amsfonts 2013/01/14 v3.01 Basic AMSFonts support
\@emptytoks=\toks15
\symAMSa=\mathgroup4
\symAMSb=\mathgroup5
LaTeX Font Info:    Overwriting math alphabet `\mathfrak' in version `bold'
(Font)                  U/euf/m/n --> U/euf/b/n on input line 106.
))
(/usr/local/texlive/2014/texmf-dist/tex/latex/amsmath/amsmath.sty
Package: amsmath 2013/01/14 v2.14 AMS math features
\@mathmargin=\skip41

For additional information on amsmath, use the `?' option.
(/usr/local/texlive/2014/texmf-dist/tex/latex/amsmath/amstext.sty
Package: amstext 2000/06/29 v2.01

(/usr/local/texlive/2014/texmf-dist/tex/latex/amsmath/amsgen.sty
File: amsgen.sty 1999/11/30 v2.0
\@emptytoks=\toks16
\ex@=\dimen106
))
(/usr/local/texlive/2014/texmf-dist/tex/latex/amsmath/amsbsy.sty
Package: amsbsy 1999/11/29 v1.2d
\pmbraise@=\dimen107
)
(/usr/local/texlive/2014/texmf-dist/tex/latex/amsmath/amsopn.sty
Package: amsopn 1999/12/14 v2.01 operator names
)
\inf@bad=\count80
LaTeX Info: Redefining \frac on input line 210.
\uproot@=\count81
\leftroot@=\count82
LaTeX Info: Redefining \overline on input line 306.
\classnum@=\count83
\DOTSCASE@=\count84
LaTeX Info: Redefining \ldots on input line 378.
LaTeX Info: Redefining \dots on input line 381.
LaTeX Info: Redefining \cdots on input line 466.
\Mathstrutbox@=\box26
\strutbox@=\box27
\big@size=\dimen108
LaTeX Font Info:    Redeclaring font encoding OML on input line 566.
LaTeX Font Info:    Redeclaring font encoding OMS on input line 567.
\macc@depth=\count85
\c@MaxMatrixCols=\count86
\dotsspace@=\muskip10
\c@parentequation=\count87
\dspbrk@lvl=\count88
\tag@help=\toks17
\row@=\count89
\column@=\count90
\maxfields@=\count91
\andhelp@=\toks18
\eqnshift@=\dimen109
\alignsep@=\dimen110
\tagshift@=\dimen111
\tagwidth@=\dimen112
\totwidth@=\dimen113
\lineht@=\dimen114
\@envbody=\toks19
\multlinegap=\skip42
\multlinetaggap=\skip43
\mathdisplay@stack=\toks20
LaTeX Info: Redefining \[ on input line 2665.
LaTeX Info: Redefining \] on input line 2666.
)
Document Class sigchi' <Oct 19, 2011>. Updated for chi 2012 based on chi2012.cl
s by William Hudson and Jean-Daniel Fekete.
Document Class `chi2011' <October 19, 2010>. Tweaked by Manas Tungare.
Shamelessly copied from
`chiproceedings' <7th Sep. '00>. Modified by Jan O. Borchers
`acm_proc_article-sp' <2nd. October '02>. Modified by G.K.M. Tobin
`acmconf' <22 May 89>. Hacked 4/91 by shivers@cs.cmu.edu, 4/93 by theobald@cs.m
cgill.ca
Excerpts were taken from (Journal Style) 'esub2acm.cls'.
\footheight=\dimen115
\@maxsep=\dimen116
\@dblmaxsep=\dimen117
\aucount=\count92
\originalaucount=\count93
\auwidth=\dimen118
\auskip=\dimen119
\auskipcount=\count94
\auskip=\dimen120
\allauboxes=\dimen121
\addauthors=\toks21
\subtitletext=\toks22
\savesection=\count95
\sectioncntr=\count96
\c@figure=\count97
\c@table=\count98
\teaserspace=\skip44
\titleboxnotes=\toks23
\titleboxnoteflag=\count99

LaTeX Warning: You have requested document class `sigchi',
               but the document class provides `chi2012'.

Document Class: chi2012 2011/06/06 - V0.16
(/usr/local/texlive/2014/texmf-dist/tex/latex/base/latexsym.sty
Package: latexsym 1998/08/17 v2.2e Standard LaTeX package (lasy symbols)
\symlasy=\mathgroup6
LaTeX Font Info:    Overwriting symbol font `lasy' in version `bold'
(Font)                  U/lasy/m/n --> U/lasy/b/n on input line 47.
)
\titlenotecount=\count100
\tntoks=\toks24
\tntokstwo=\toks25
\tntoksthree=\toks26
\tntoksfour=\toks27
\tntoksfive=\toks28
\catcount=\count101
\copyrightnotice=\toks29
\c@copyrightbox=\count102
\conf=\toks30
\confinfo=\toks31
\c@part=\count103
\c@section=\count104
\c@subsection=\count105
\c@subsubsection=\count106
\c@paragraph=\count107

Using 'Abbrev' bibliography style
\bibindent=\dimen122
\bibsep=\skip45
\colcntr=\count108
\savebox=\box28
) (/usr/local/texlive/2014/texmf-dist/tex/latex/preprint/balance.sty
Package: balance 1999/02/23 4.3 (PWD)
\oldvsize=\dimen123
)
(/usr/local/texlive/2014/texmf-dist/tex/latex/psnfss/times.sty
Package: times 2005/04/12 PSNFSS-v9.2a (SPQR) 
)
(/usr/local/texlive/2014/texmf-dist/tex/latex/url/url.sty
\Urlmuskip=\muskip11
Package: url 2013/09/16  ver 3.4  Verb mode for urls, etc.
)
(/usr/local/texlive/2014/texmf-dist/tex/latex/caption/caption.sty
Package: caption 2013/05/02 v3.3-89 Customizing captions (AR)

(/usr/local/texlive/2014/texmf-dist/tex/latex/caption/caption3.sty
Package: caption3 2013/05/02 v1.6-88 caption3 kernel (AR)
Package caption3 Info: TeX engine: e-TeX on input line 57.
\captionmargin=\dimen124
\captionmargin@=\dimen125
\captionwidth=\dimen126
\caption@tempdima=\dimen127
\caption@indent=\dimen128
\caption@parindent=\dimen129
\caption@hangindent=\dimen130
\abovecaptionskip=\skip46
\belowcaptionskip=\skip47
Package caption Info: Unknown document class (or package),
(caption)             standard defaults will be used.
)

Package caption Warning: Unsupported document class (or package) detected,
(caption)                usage of the caption package is not recommended.
See the caption package documentation for explanation.

Package caption Info: \@makecaption = \long macro:#1#2-> \vskip 2pt \setbox \@t
empboxa \hbox {\small \textbf {#1. #2}} \ifdim \wd \@tempboxa >\hsize \small \t
extbf {#1. #2}\par \else \hbox to\hsize {\hfil \box \@tempboxa \hfil }\par \fi 
.
\c@ContinuedFloat=\count109
) (/usr/local/texlive/2014/texmf-dist/tex/latex/caption/subcaption.sty
Package: subcaption 2013/02/03 v1.1-62 Sub-captions (AR)
\c@subfigure=\count110
\c@subtable=\count111
)
(/usr/local/texlive/2014/texmf-dist/tex/latex/tools/array.sty
Package: array 2008/09/09 v2.4c Tabular extension package (FMi)
\col@sep=\dimen131
\extrarowheight=\dimen132
\NC@list=\toks32
\extratabsurround=\skip48
\backup@length=\skip49
) (./hw2.aux)
\openout1 = `hw2.aux'.

LaTeX Font Info:    Checking defaults for OML/cmm/m/it on input line 60.
LaTeX Font Info:    ... okay on input line 60.
LaTeX Font Info:    Checking defaults for T1/cmr/m/n on input line 60.
LaTeX Font Info:    ... okay on input line 60.
LaTeX Font Info:    Checking defaults for OT1/cmr/m/n on input line 60.
LaTeX Font Info:    ... okay on input line 60.
LaTeX Font Info:    Checking defaults for OMS/cmsy/m/n on input line 60.
LaTeX Font Info:    ... okay on input line 60.
LaTeX Font Info:    Checking defaults for OMX/cmex/m/n on input line 60.
LaTeX Font Info:    ... okay on input line 60.
LaTeX Font Info:    Checking defaults for U/cmr/m/n on input line 60.
LaTeX Font Info:    ... okay on input line 60.
LaTeX Font Info:    Try loading font information for OT1+ptm on input line 60.

(/usr/local/texlive/2014/texmf-dist/tex/latex/psnfss/ot1ptm.fd
File: ot1ptm.fd 2001/06/04 font definitions for OT1/ptm.
)
(/usr/local/texlive/2014/texmf-dist/tex/context/base/supp-pdf.mkii
[Loading MPS to PDF converter (version 2006.09.02).]
\scratchcounter=\count112
\scratchdimen=\dimen133
\scratchbox=\box29
\nofMPsegments=\count113
\nofMParguments=\count114
\everyMPshowfont=\toks33
\MPscratchCnt=\count115
\MPscratchDim=\dimen134
\MPnumerator=\count116
\makeMPintoPDFobject=\count117
\everyMPtoPDFconversion=\toks34
) (/usr/local/texlive/2014/texmf-dist/tex/generic/oberdiek/pdftexcmds.sty
Package: pdftexcmds 2011/11/29 v0.20 Utility functions of pdfTeX for LuaTeX (HO
)

(/usr/local/texlive/2014/texmf-dist/tex/generic/oberdiek/ifluatex.sty
Package: ifluatex 2010/03/01 v1.3 Provides the ifluatex switch (HO)
Package ifluatex Info: LuaTeX not detected.
)
(/usr/local/texlive/2014/texmf-dist/tex/generic/oberdiek/ifpdf.sty
Package: ifpdf 2011/01/30 v2.3 Provides the ifpdf switch (HO)
Package ifpdf Info: pdfTeX in PDF mode is detected.
)
Package pdftexcmds Info: LuaTeX not detected.
Package pdftexcmds Info: \pdf@primitive is available.
Package pdftexcmds Info: \pdf@ifprimitive is available.
Package pdftexcmds Info: \pdfdraftmode found.
)
(/usr/local/texlive/2014/texmf-dist/tex/latex/oberdiek/epstopdf-base.sty
Package: epstopdf-base 2010/02/09 v2.5 Base part for package epstopdf

(/usr/local/texlive/2014/texmf-dist/tex/latex/oberdiek/grfext.sty
Package: grfext 2010/08/19 v1.1 Manage graphics extensions (HO)

(/usr/local/texlive/2014/texmf-dist/tex/generic/oberdiek/kvdefinekeys.sty
Package: kvdefinekeys 2011/04/07 v1.3 Define keys (HO)
))
(/usr/local/texlive/2014/texmf-dist/tex/latex/oberdiek/kvoptions.sty
Package: kvoptions 2011/06/30 v3.11 Key value format for package options (HO)

(/usr/local/texlive/2014/texmf-dist/tex/generic/oberdiek/kvsetkeys.sty
Package: kvsetkeys 2012/04/25 v1.16 Key value parser (HO)

(/usr/local/texlive/2014/texmf-dist/tex/generic/oberdiek/etexcmds.sty
Package: etexcmds 2011/02/16 v1.5 Avoid name clashes with e-TeX commands (HO)
Package etexcmds Info: Could not find \expanded.
(etexcmds)             That can mean that you are not using pdfTeX 1.50 or
(etexcmds)             that some package has redefined \expanded.
(etexcmds)             In the latter case, load this package earlier.
)))
Package grfext Info: Graphics extension search list:
(grfext)             [.png,.pdf,.jpg,.mps,.jpeg,.jbig2,.jb2,.PNG,.PDF,.JPG,.JPE
G,.JBIG2,.JB2,.eps]
(grfext)             \AppendGraphicsExtensions on input line 452.

(/usr/local/texlive/2014/texmf-dist/tex/latex/latexconfig/epstopdf-sys.cfg
File: epstopdf-sys.cfg 2010/07/13 v1.3 Configuration of (r)epstopdf for TeX Liv
e
))
Package caption Info: Begin \AtBeginDocument code.
Package caption Info: End \AtBeginDocument code.
LaTeX Font Info:    Try loading font information for U+msa on input line 65.

(/usr/local/texlive/2014/texmf-dist/tex/latex/amsfonts/umsa.fd
File: umsa.fd 2013/01/14 v3.01 AMS symbols A
)
LaTeX Font Info:    Try loading font information for U+msb on input line 65.

(/usr/local/texlive/2014/texmf-dist/tex/latex/amsfonts/umsb.fd
File: umsb.fd 2013/01/14 v3.01 AMS symbols B
)
LaTeX Font Info:    Try loading font information for U+lasy on input line 65.

(/usr/local/texlive/2014/texmf-dist/tex/latex/base/ulasy.fd
File: ulasy.fd 1998/08/17 v2.2e LaTeX symbol font definitions
)

LaTeX Warning: No \author given.

LaTeX Font Info:    Try loading font information for OT1+pcr on input line 75.
(/usr/local/texlive/2014/texmf-dist/tex/latex/psnfss/ot1pcr.fd
File: ot1pcr.fd 2001/06/04 font definitions for OT1/pcr.
)
Overfull \hbox (4.58174pt too wide) in paragraph at lines 78--84
 [] 
 []


Underfull \hbox (badness 3199) in paragraph at lines 88--90
[]\OT1/ptm/m/n/12 We will demon-strate the for-mu-la-tion of this
 []


Underfull \hbox (badness 10000) in paragraph at lines 88--90
\OT1/ptm/m/n/12 pro-gram in the ma-trix form re-quired for
 []


Underfull \hbox (badness 7540) in paragraph at lines 88--90
\OT1/pcr/m/n/12 cvxopt.solvers.qp \OT1/ptm/m/n/12 on a sim-ple ex-am-
 []

<plots/1-3/casey/simple.png, id=1, 557.9244pt x 392.4261pt>
File: plots/1-3/casey/simple.png Graphic file (type png)

<use plots/1-3/casey/simple.png>
Package pdftex.def Info: plots/1-3/casey/simple.png used on input line 148.
(pdftex.def)             Requested size: 162.6075pt x 114.3695pt.

<plots/1-3/casey/stdev1c1train.png, id=3, 557.9244pt x 392.4261pt>
File: plots/1-3/casey/stdev1c1train.png Graphic file (type png)

<use plots/1-3/casey/stdev1c1train.png>
Package pdftex.def Info: plots/1-3/casey/stdev1c1train.png used on input line 1
60.
(pdftex.def)             Requested size: 162.6075pt x 114.3695pt.

<plots/1-3/casey/stdev2c1train.png, id=4, 557.9244pt x 392.4261pt>
File: plots/1-3/casey/stdev2c1train.png Graphic file (type png)

<use plots/1-3/casey/stdev2c1train.png>
Package pdftex.def Info: plots/1-3/casey/stdev2c1train.png used on input line 1
65.
(pdftex.def)             Requested size: 162.6075pt x 114.3695pt.

<plots/1-3/casey/stdev4c1train.png, id=5, 557.9244pt x 392.4261pt>
File: plots/1-3/casey/stdev4c1train.png Graphic file (type png)

<use plots/1-3/casey/stdev4c1train.png>
Package pdftex.def Info: plots/1-3/casey/stdev4c1train.png used on input line 1
70.
(pdftex.def)             Requested size: 162.6075pt x 114.3695pt.

<plots/1-3/casey/stdev1c1val.png, id=6, 557.9244pt x 392.4261pt>
File: plots/1-3/casey/stdev1c1val.png Graphic file (type png)

<use plots/1-3/casey/stdev1c1val.png>
Package pdftex.def Info: plots/1-3/casey/stdev1c1val.png used on input line 175
.
(pdftex.def)             Requested size: 162.6075pt x 114.3695pt.

<plots/1-3/casey/stdev2c1val.png, id=7, 557.9244pt x 392.4261pt>
File: plots/1-3/casey/stdev2c1val.png Graphic file (type png)

<use plots/1-3/casey/stdev2c1val.png>
Package pdftex.def Info: plots/1-3/casey/stdev2c1val.png used on input line 180
.
(pdftex.def)             Requested size: 162.6075pt x 114.3695pt.

<plots/1-3/casey/stdev4c1val.png, id=8, 557.9244pt x 392.4261pt>
File: plots/1-3/casey/stdev4c1val.png Graphic file (type png)

<use plots/1-3/casey/stdev4c1val.png>
Package pdftex.def Info: plots/1-3/casey/stdev4c1val.png used on input line 185
.
(pdftex.def)             Requested size: 162.6075pt x 114.3695pt.

Overfull \hbox (8.07286pt too wide) in paragraph at lines 158--189
 [][] 
 []

[1{/usr/local/texlive/2014/texmf-var/fonts/map/pdftex/updmap/pdftex.map}


Non-PDF special ignored!

 <./plots/1-3/casey/simple.png>]
<plots/1-3/casey/nonSepc1train.png, id=26, 557.9244pt x 392.4261pt>
File: plots/1-3/casey/nonSepc1train.png Graphic file (type png)

<use plots/1-3/casey/nonSepc1train.png>
Package pdftex.def Info: plots/1-3/casey/nonSepc1train.png used on input line 2
07.
(pdftex.def)             Requested size: 162.6075pt x 114.3695pt.

<plots/1-3/casey/nonSepc1val.png, id=27, 557.9244pt x 392.4261pt>
File: plots/1-3/casey/nonSepc1val.png Graphic file (type png)

<use plots/1-3/casey/nonSepc1val.png>
Package pdftex.def Info: plots/1-3/casey/nonSepc1val.png used on input line 212
.
(pdftex.def)             Requested size: 162.6075pt x 114.3695pt.

Overfull \hbox (15.34036pt too wide) in paragraph at lines 222--257
 [][] 
 []


Underfull \vbox (badness 10000) has occurred while \output is active []

 [2 <./plots/1-3/casey/stdev1c1train.png> <./plots/1-3/casey/stdev2c1train.png>
 <./plots/1-3/casey/stdev4c1train.png> <./plots/1-3/casey/stdev1c1val.png> <./p
lots/1-3/casey/stdev2c1val.png> <./plots/1-3/casey/stdev4c1val.png> <./plots/1-
3/casey/nonSepc1train.png> <./plots/1-3/casey/nonSepc1val.png>]
<plots/1-3/casey/nonSepguass2.png, id=39, 557.9244pt x 392.4261pt>
File: plots/1-3/casey/nonSepguass2.png Graphic file (type png)

<use plots/1-3/casey/nonSepguass2.png>
Package pdftex.def Info: plots/1-3/casey/nonSepguass2.png used on input line 27
4.
(pdftex.def)             Requested size: 162.6075pt x 114.3695pt.

<plots/1-3/casey/nonSepgauss.png, id=40, 557.9244pt x 392.4261pt>
File: plots/1-3/casey/nonSepgauss.png Graphic file (type png)

<use plots/1-3/casey/nonSepgauss.png>
Package pdftex.def Info: plots/1-3/casey/nonSepgauss.png used on input line 279
.
(pdftex.def)             Requested size: 162.6075pt x 114.3695pt.
 [3 <./plots/1-3/casey/nonSepguass2.png> <./plots/1-3/casey/nonSepgauss.png>]
<plots/1-3/casey/c01.png, id=46, 557.9244pt x 392.4261pt>
File: plots/1-3/casey/c01.png Graphic file (type png)

<use plots/1-3/casey/c01.png>
Package pdftex.def Info: plots/1-3/casey/c01.png used on input line 305.
(pdftex.def)             Requested size: 162.6075pt x 114.3695pt.

<plots/1-3/casey/c100.png, id=47, 557.9244pt x 392.4261pt>
File: plots/1-3/casey/c100.png Graphic file (type png)

<use plots/1-3/casey/c100.png>
Package pdftex.def Info: plots/1-3/casey/c100.png used on input line 310.
(pdftex.def)             Requested size: 162.6075pt x 114.3695pt.

<plots/1-3/margin.png, id=48, 557.9244pt x 392.4261pt>
File: plots/1-3/margin.png Graphic file (type png)

<use plots/1-3/margin.png>
Package pdftex.def Info: plots/1-3/margin.png used on input line 322.
(pdftex.def)             Requested size: 162.6075pt x 114.3695pt.

<plots/1-3/support_vectors.png, id=49, 557.9244pt x 392.4261pt>
File: plots/1-3/support_vectors.png Graphic file (type png)

<use plots/1-3/support_vectors.png>
Package pdftex.def Info: plots/1-3/support_vectors.png used on input line 327.
(pdftex.def)             Requested size: 162.6075pt x 114.3695pt.

Underfull \vbox (badness 10000) has occurred while \output is active []

 [4 <./plots/1-3/casey/c01.png> <./plots/1-3/casey/c100.png>]
Underfull \vbox (badness 7116) has occurred while \output is active []

 [5 <./plots/1-3/margin.png> <./plots/1-3/support_vectors.png>]
Overfull \hbox (8.73514pt too wide) in paragraph at lines 382--387
 [] 
 []

<plots/stdev1_train_plot.png, id=65, 578.16pt x 433.62pt>
File: plots/stdev1_train_plot.png Graphic file (type png)

<use plots/stdev1_train_plot.png>
Package pdftex.def Info: plots/stdev1_train_plot.png used on input line 403.
(pdftex.def)             Requested size: 162.6075pt x 121.95532pt.

<plots/stdev2_train_plot.png, id=66, 578.16pt x 433.62pt>
File: plots/stdev2_train_plot.png Graphic file (type png)

<use plots/stdev2_train_plot.png>
Package pdftex.def Info: plots/stdev2_train_plot.png used on input line 408.
(pdftex.def)             Requested size: 162.6075pt x 121.95532pt.

<plots/stdev4_train_plot.png, id=67, 578.16pt x 433.62pt>
File: plots/stdev4_train_plot.png Graphic file (type png)

<use plots/stdev4_train_plot.png>
Package pdftex.def Info: plots/stdev4_train_plot.png used on input line 413.
(pdftex.def)             Requested size: 162.6075pt x 121.95532pt.

<plots/stdev1_test_plot.png, id=68, 578.16pt x 433.62pt>
File: plots/stdev1_test_plot.png Graphic file (type png)

<use plots/stdev1_test_plot.png>
Package pdftex.def Info: plots/stdev1_test_plot.png used on input line 418.
(pdftex.def)             Requested size: 162.6075pt x 121.95532pt.

<plots/stdev2_test_plot.png, id=69, 578.16pt x 433.62pt>
File: plots/stdev2_test_plot.png Graphic file (type png)

<use plots/stdev2_test_plot.png>
Package pdftex.def Info: plots/stdev2_test_plot.png used on input line 423.
(pdftex.def)             Requested size: 162.6075pt x 121.95532pt.

<plots/stdev4_test_plot.png, id=70, 578.16pt x 433.62pt>
File: plots/stdev4_test_plot.png Graphic file (type png)

<use plots/stdev4_test_plot.png>
Package pdftex.def Info: plots/stdev4_test_plot.png used on input line 428.
(pdftex.def)             Requested size: 162.6075pt x 121.95532pt.

Overfull \hbox (8.07286pt too wide) in paragraph at lines 401--432
 [][] 
 []

<plots/nonSep2_train_plot.png, id=71, 578.16pt x 433.62pt>
File: plots/nonSep2_train_plot.png Graphic file (type png)

<use plots/nonSep2_train_plot.png>
Package pdftex.def Info: plots/nonSep2_train_plot.png used on input line 439.
(pdftex.def)             Requested size: 162.6075pt le: plots/nonSep2_train_plot.png Graphic file (type png)

<use plots/nonSep2_train_plot.png>
Package pdftex.def Info: plots/nonSep2_train_plot.png used on input line 441.
(pdftex.def)             Requested size: 162.6075pt x 121.95532pt.

<plots/nonSep2_test_plot.png, id=72, 578.16pt x 433.62pt>
File: plots/nonSep2_test_plot.png Graphic file (type png)

<use plots/nonSep2_test_plot.png>
Package pdftex.def Info: plots/nonSep2_test_plot.png used on input line 446.
(pdftex.def)             Requested size: 162.6075pt x 121.95532pt.

<plots/stdev2_test_plot_lambda_01.png, id=73, 578.16pt x 433.62pt>
File: plots/stdev2_test_plot_lambda_01.png Graphic file (type png)

<use plots/stdev2_test_plot_lambda_01.png>
Package pdftex.def Info: plots/stdev2_test_plot_lambda_01.png used on input lin
e 457.
(pdftex.def)             Requested size: 162.6075pt x 121.95532pt.

<plots/stdev2_test_plot_lambda_1.png, id=74, 578.16pt x 433.62pt>
File: plots/stdev2_test_plot_lambda_1.png Graphic file (type png)

<use plots/stdev2_test_plot_lambda_1.png>
Package pdftex.def Info: plots/stdev2_test_plot_lambda_1.png used on input line
 462.
(pdftex.def)             Requested size: 162.6075pt x 121.95532pt.
 [6] [7 <./plots/stdev1_train_plot.png> <./plots/stdev2_train_plot.png> <./plot
s/stdev4_train_plot.png> <./plots/stdev1_test_plot.png> <./plots/stdev2_test_pl
ot.png> <./plots/stdev4_test_plot.png> <./plots/nonSep2_train_plot.png> <./plot
s/nonSep2_test_plot.png> <./plots/stdev2_test_plot_lambda_01.png> <./plots/stde
v2_test_plot_lambda_1.png>]
<plots/stdev2_test_plot_lambda_sup_vectors.png, id=93, 578.16pt x 433.62pt>
File: plots/stdev2_test_plot_lambda_sup_vectors.png Graphic file (type png)

<use plots/stdev2_test_plot_lambda_sup_vectors.png>
Package pdftex.def Info: plots/stdev2_test_plot_lambda_sup_vectors.png used on 
input line 486.
(pdftex.def)             Requested size: 162.6075pt x 121.95532pt.

<plots/stdev2_test_plot_lambda_0_supvec.png, id=94, 578.16pt x 433.62pt>
File: plots/stdev2_test_plot_lambda_0_supvec.png Graphic file (type png)

<use plots/stdev2_test_plot_lambda_0_supvec.png>
Package pdftex.def Info: plots/stdev2_test_plot_lambda_0_supvec.png used on inp
ut line 491.
(pdftex.def)             Requested size: 162.6075pt x 121.95532pt.

Underfull \vbox (badness 10000) has occurred while \output is active []

 [8 <./plots/stdev2_test_plot_lambda_sup_vectors.png> <./plots/stdev2_test_plot
_lambda_0_supvec.png>]
Overfull \hbox (4.14874pt too wide) in paragraph at lines 521--521
[]|\OT1/ptm/m/n/10 41.1%| 
 []


Overfull \hbox (4.14874pt too wide) in paragraph at lines 521--521
[]|\OT1/ptm/m/n/10 37.0%| 
 []


Overfull \hbox (4.14874pt too wide) in paragraph at lines 521--521
[]|\OT1/ptm/m/n/10 36.9%| 
 []


Overfull \hbox (4.14874pt too wide) in paragraph at lines 521--521
[]|\OT1/ptm/m/n/10 37.2%| 
 []


Overfull \hbox (4.14874pt too wide) in paragraph at lines 521--522
[]|\OT1/ptm/m/n/10 37.2%| 
 []


Underfull \vbox (badness 10000) has occurred while \output is active []


Underfull \hbox (badness 10000) in paragraph at lines 537--538

 []


Underfull \hbox (badness 10000) in paragraph at lines 539--540

 []


Underfull \vbox (badness 5939) has occurred while \output is active []

 [9]
Underfull \hbox (badness 10000) in paragraph at lines 553--554

 []


./hw2.tex:564: Package caption Error: \caption outside float.

See the caption package documentation for explanation.
Type  H <return>  for immediate help.
 ...                                              
                                                  
l.564 	\caption
               {Test error as a function of the number of iterations before ...

? 
./hw2.tex:564: Emergency stop.
 ...                                              
                                                  
l.564 	\caption
               {Test error as a function of the number of iterations before ...

If you do not understand this error, please take a closer look
at the documentation of the `caption' package, especially the
section about errors.
Try typing  <return>  to proceed.
If that doesn't work, type  X <return>  to quit.

 
Here is how much of TeX's memory you used:
 3973 strings out of 493117
 60217 string characters out of 6135433
 128178 words of memory out of 5000000
 7328 multiletter control sequences out of 15000+600000
 28798 words of font info for 76 fonts, out of 8000000 for 9000
 1141 hyphenation exceptions out of 8191
 41i,16n,38p,847b,547s stack positions out of 5000i,500n,10000p,200000b,80000s
./hw2.tex:564:  ==> Fatal error occurred, no output PDF file produced!
b8a.pfb></usr/local/texlive/2014/texmf-dis
t/fonts/type1/urw/times/utmr8a.pfb></usr/local/texlive/2014/texmf-dist/fonts/ty
pe1/urw/times/utmri8a.pfb>
Output written on hw2.pdf (10 pages, 1103432 bytes).
PDF statistics:
 165 PDF objects out of 1000 (max. 8388607)
 80 compressed objects within 1 object stream
 0 named destinations out of 1000 (max. 500000)
 136 words of extra memory for PDF output out of 10000 (max. 10000000)

